2026-01-01 14:03:22 [ERROR]: requestAccommodation error: ValidationError: Accommodation validation failed: paymentAmount: Cast to Number failed for value "NaN" (type number) at path "paymentAmount", noOfNights: Path `noOfNights` is required.
    at model.Document.invalidate (F:\Backend\Backend\node_modules\mongoose\lib\document.js:3358:32)
    at model.$set (F:\Backend\Backend\node_modules\mongoose\lib\document.js:1480:12)
    at model.$set (F:\Backend\Backend\node_modules\mongoose\lib\document.js:1132:16)
    at model.Document (F:\Backend\Backend\node_modules\mongoose\lib\document.js:178:12)
    at model.Model (F:\Backend\Backend\node_modules\mongoose\lib\model.js:127:12)
    at new model (F:\Backend\Backend\node_modules\mongoose\lib\model.js:4834:15)
    at F:\Backend\Backend\node_modules\mongoose\lib\model.js:2775:20
    at Array.map (<anonymous>)
    at model.create (F:\Backend\Backend\node_modules\mongoose\lib\model.js:2763:34)
    at create (F:\Backend\Backend\controllers\accommodation-controller.js:33:47)
    at processTicksAndRejections (node:internal/process/task_queues:105:5)
2026-01-01 14:03:22 [ERROR]: ValidationError: Accommodation validation failed: paymentAmount: Cast to Number failed for value "NaN" (type number) at path "paymentAmount", noOfNights: Path `noOfNights` is required.
    at model.Document.invalidate (F:\Backend\Backend\node_modules\mongoose\lib\document.js:3358:32)
    at model.$set (F:\Backend\Backend\node_modules\mongoose\lib\document.js:1480:12)
    at model.$set (F:\Backend\Backend\node_modules\mongoose\lib\document.js:1132:16)
    at model.Document (F:\Backend\Backend\node_modules\mongoose\lib\document.js:178:12)
    at model.Model (F:\Backend\Backend\node_modules\mongoose\lib\model.js:127:12)
    at new model (F:\Backend\Backend\node_modules\mongoose\lib\model.js:4834:15)
    at F:\Backend\Backend\node_modules\mongoose\lib\model.js:2775:20
    at Array.map (<anonymous>)
    at model.create (F:\Backend\Backend\node_modules\mongoose\lib\model.js:2763:34)
    at create (F:\Backend\Backend\controllers\accommodation-controller.js:33:47)
    at processTicksAndRejections (node:internal/process/task_queues:105:5)
2026-01-01 14:15:26 [ERROR]: Error during registration: ValidationError: User validation failed: rollNo: Path `rollNo` is required.
    at model.Document.invalidate (F:\Backend\Backend\node_modules\mongoose\lib\document.js:3358:32)
    at F:\Backend\Backend\node_modules\mongoose\lib\document.js:3119:17
    at F:\Backend\Backend\node_modules\mongoose\lib\schemaType.js:1416:9
    at processTicksAndRejections (node:internal/process/task_queues:85:11)
2026-01-01 14:15:26 [ERROR]: ValidationError: User validation failed: rollNo: Path `rollNo` is required.
    at model.Document.invalidate (F:\Backend\Backend\node_modules\mongoose\lib\document.js:3358:32)
    at F:\Backend\Backend\node_modules\mongoose\lib\document.js:3119:17
    at F:\Backend\Backend\node_modules\mongoose\lib\schemaType.js:1416:9
    at processTicksAndRejections (node:internal/process/task_queues:85:11)
2026-01-01 14:15:27 [ERROR]: Error during registration: ValidationError: User validation failed: rollNo: Path `rollNo` is required.
    at model.Document.invalidate (F:\Backend\Backend\node_modules\mongoose\lib\document.js:3358:32)
    at F:\Backend\Backend\node_modules\mongoose\lib\document.js:3119:17
    at F:\Backend\Backend\node_modules\mongoose\lib\schemaType.js:1416:9
    at processTicksAndRejections (node:internal/process/task_queues:85:11)
2026-01-01 14:15:27 [ERROR]: ValidationError: User validation failed: rollNo: Path `rollNo` is required.
    at model.Document.invalidate (F:\Backend\Backend\node_modules\mongoose\lib\document.js:3358:32)
    at F:\Backend\Backend\node_modules\mongoose\lib\document.js:3119:17
    at F:\Backend\Backend\node_modules\mongoose\lib\schemaType.js:1416:9
    at processTicksAndRejections (node:internal/process/task_queues:85:11)
2026-01-01 14:15:30 [ERROR]: Error during registration: ValidationError: User validation failed: rollNo: Path `rollNo` is required.
    at model.Document.invalidate (F:\Backend\Backend\node_modules\mongoose\lib\document.js:3358:32)
    at F:\Backend\Backend\node_modules\mongoose\lib\document.js:3119:17
    at F:\Backend\Backend\node_modules\mongoose\lib\schemaType.js:1416:9
    at processTicksAndRejections (node:internal/process/task_queues:85:11)
2026-01-01 14:15:30 [ERROR]: ValidationError: User validation failed: rollNo: Path `rollNo` is required.
    at model.Document.invalidate (F:\Backend\Backend\node_modules\mongoose\lib\document.js:3358:32)
    at F:\Backend\Backend\node_modules\mongoose\lib\document.js:3119:17
    at F:\Backend\Backend\node_modules\mongoose\lib\schemaType.js:1416:9
    at processTicksAndRejections (node:internal/process/task_queues:85:11)
2026-01-01 14:15:30 [ERROR]: Error during registration: ValidationError: User validation failed: rollNo: Path `rollNo` is required.
    at model.Document.invalidate (F:\Backend\Backend\node_modules\mongoose\lib\document.js:3358:32)
    at F:\Backend\Backend\node_modules\mongoose\lib\document.js:3119:17
    at F:\Backend\Backend\node_modules\mongoose\lib\schemaType.js:1416:9
    at processTicksAndRejections (node:internal/process/task_queues:85:11)
2026-01-01 14:15:30 [ERROR]: ValidationError: User validation failed: rollNo: Path `rollNo` is required.
    at model.Document.invalidate (F:\Backend\Backend\node_modules\mongoose\lib\document.js:3358:32)
    at F:\Backend\Backend\node_modules\mongoose\lib\document.js:3119:17
    at F:\Backend\Backend\node_modules\mongoose\lib\schemaType.js:1416:9
    at processTicksAndRejections (node:internal/process/task_queues:85:11)
2026-01-01 14:18:42 [ERROR]: Error during registration: ValidationError: User validation failed: rollNo: Path `rollNo` is required.
    at model.Document.invalidate (F:\Backend\Backend\node_modules\mongoose\lib\document.js:3358:32)
    at F:\Backend\Backend\node_modules\mongoose\lib\document.js:3119:17
    at F:\Backend\Backend\node_modules\mongoose\lib\schemaType.js:1416:9
    at processTicksAndRejections (node:internal/process/task_queues:85:11)
2026-01-01 14:18:42 [ERROR]: ValidationError: User validation failed: rollNo: Path `rollNo` is required.
    at model.Document.invalidate (F:\Backend\Backend\node_modules\mongoose\lib\document.js:3358:32)
    at F:\Backend\Backend\node_modules\mongoose\lib\document.js:3119:17
    at F:\Backend\Backend\node_modules\mongoose\lib\schemaType.js:1416:9
    at processTicksAndRejections (node:internal/process/task_queues:85:11)
2026-01-01 14:18:42 [ERROR]: Error during registration: ValidationError: User validation failed: rollNo: Path `rollNo` is required.
    at model.Document.invalidate (F:\Backend\Backend\node_modules\mongoose\lib\document.js:3358:32)
    at F:\Backend\Backend\node_modules\mongoose\lib\document.js:3119:17
    at F:\Backend\Backend\node_modules\mongoose\lib\schemaType.js:1416:9
    at processTicksAndRejections (node:internal/process/task_queues:85:11)
2026-01-01 14:18:42 [ERROR]: ValidationError: User validation failed: rollNo: Path `rollNo` is required.
    at model.Document.invalidate (F:\Backend\Backend\node_modules\mongoose\lib\document.js:3358:32)
    at F:\Backend\Backend\node_modules\mongoose\lib\document.js:3119:17
    at F:\Backend\Backend\node_modules\mongoose\lib\schemaType.js:1416:9
    at processTicksAndRejections (node:internal/process/task_queues:85:11)
2026-01-01 14:18:43 [ERROR]: Error during registration: ValidationError: User validation failed: rollNo: Path `rollNo` is required.
    at model.Document.invalidate (F:\Backend\Backend\node_modules\mongoose\lib\document.js:3358:32)
    at F:\Backend\Backend\node_modules\mongoose\lib\document.js:3119:17
    at F:\Backend\Backend\node_modules\mongoose\lib\schemaType.js:1416:9
    at processTicksAndRejections (node:internal/process/task_queues:85:11)
2026-01-01 14:18:43 [ERROR]: ValidationError: User validation failed: rollNo: Path `rollNo` is required.
    at model.Document.invalidate (F:\Backend\Backend\node_modules\mongoose\lib\document.js:3358:32)
    at F:\Backend\Backend\node_modules\mongoose\lib\document.js:3119:17
    at F:\Backend\Backend\node_modules\mongoose\lib\schemaType.js:1416:9
    at processTicksAndRejections (node:internal/process/task_queues:85:11)
2026-01-01 14:18:44 [ERROR]: Error during registration: ValidationError: User validation failed: rollNo: Path `rollNo` is required.
    at model.Document.invalidate (F:\Backend\Backend\node_modules\mongoose\lib\document.js:3358:32)
    at F:\Backend\Backend\node_modules\mongoose\lib\document.js:3119:17
    at F:\Backend\Backend\node_modules\mongoose\lib\schemaType.js:1416:9
    at processTicksAndRejections (node:internal/process/task_queues:85:11)
2026-01-01 14:18:44 [ERROR]: ValidationError: User validation failed: rollNo: Path `rollNo` is required.
    at model.Document.invalidate (F:\Backend\Backend\node_modules\mongoose\lib\document.js:3358:32)
    at F:\Backend\Backend\node_modules\mongoose\lib\document.js:3119:17
    at F:\Backend\Backend\node_modules\mongoose\lib\schemaType.js:1416:9
    at processTicksAndRejections (node:internal/process/task_queues:85:11)
2026-01-01 14:18:47 [ERROR]: Error during registration: ValidationError: User validation failed: rollNo: Path `rollNo` is required.
    at model.Document.invalidate (F:\Backend\Backend\node_modules\mongoose\lib\document.js:3358:32)
    at F:\Backend\Backend\node_modules\mongoose\lib\document.js:3119:17
    at F:\Backend\Backend\node_modules\mongoose\lib\schemaType.js:1416:9
    at processTicksAndRejections (node:internal/process/task_queues:85:11)
2026-01-01 14:18:47 [ERROR]: ValidationError: User validation failed: rollNo: Path `rollNo` is required.
    at model.Document.invalidate (F:\Backend\Backend\node_modules\mongoose\lib\document.js:3358:32)
    at F:\Backend\Backend\node_modules\mongoose\lib\document.js:3119:17
    at F:\Backend\Backend\node_modules\mongoose\lib\schemaType.js:1416:9
    at processTicksAndRejections (node:internal/process/task_queues:85:11)
2026-01-01 14:18:47 [ERROR]: Error during registration: ValidationError: User validation failed: rollNo: Path `rollNo` is required.
    at model.Document.invalidate (F:\Backend\Backend\node_modules\mongoose\lib\document.js:3358:32)
    at F:\Backend\Backend\node_modules\mongoose\lib\document.js:3119:17
    at F:\Backend\Backend\node_modules\mongoose\lib\schemaType.js:1416:9
    at processTicksAndRejections (node:internal/process/task_queues:85:11)
2026-01-01 14:18:47 [ERROR]: ValidationError: User validation failed: rollNo: Path `rollNo` is required.
    at model.Document.invalidate (F:\Backend\Backend\node_modules\mongoose\lib\document.js:3358:32)
    at F:\Backend\Backend\node_modules\mongoose\lib\document.js:3119:17
    at F:\Backend\Backend\node_modules\mongoose\lib\schemaType.js:1416:9
    at processTicksAndRejections (node:internal/process/task_queues:85:11)
2026-01-01 14:20:19 [ERROR]: Error during registration: ValidationError: User validation failed: rollNo: Path `rollNo` is required.
    at model.Document.invalidate (F:\Backend\Backend\node_modules\mongoose\lib\document.js:3358:32)
    at F:\Backend\Backend\node_modules\mongoose\lib\document.js:3119:17
    at F:\Backend\Backend\node_modules\mongoose\lib\schemaType.js:1416:9
    at processTicksAndRejections (node:internal/process/task_queues:85:11)
2026-01-01 14:20:19 [ERROR]: ValidationError: User validation failed: rollNo: Path `rollNo` is required.
    at model.Document.invalidate (F:\Backend\Backend\node_modules\mongoose\lib\document.js:3358:32)
    at F:\Backend\Backend\node_modules\mongoose\lib\document.js:3119:17
    at F:\Backend\Backend\node_modules\mongoose\lib\schemaType.js:1416:9
    at processTicksAndRejections (node:internal/process/task_queues:85:11)
2026-01-01 14:20:20 [ERROR]: Error during registration: ValidationError: User validation failed: rollNo: Path `rollNo` is required.
    at model.Document.invalidate (F:\Backend\Backend\node_modules\mongoose\lib\document.js:3358:32)
    at F:\Backend\Backend\node_modules\mongoose\lib\document.js:3119:17
    at F:\Backend\Backend\node_modules\mongoose\lib\schemaType.js:1416:9
    at processTicksAndRejections (node:internal/process/task_queues:85:11)
2026-01-01 14:20:20 [ERROR]: ValidationError: User validation failed: rollNo: Path `rollNo` is required.
    at model.Document.invalidate (F:\Backend\Backend\node_modules\mongoose\lib\document.js:3358:32)
    at F:\Backend\Backend\node_modules\mongoose\lib\document.js:3119:17
    at F:\Backend\Backend\node_modules\mongoose\lib\schemaType.js:1416:9
    at processTicksAndRejections (node:internal/process/task_queues:85:11)
2026-01-01 14:20:21 [ERROR]: Error during registration: ValidationError: User validation failed: rollNo: Path `rollNo` is required.
    at model.Document.invalidate (F:\Backend\Backend\node_modules\mongoose\lib\document.js:3358:32)
    at F:\Backend\Backend\node_modules\mongoose\lib\document.js:3119:17
    at F:\Backend\Backend\node_modules\mongoose\lib\schemaType.js:1416:9
    at processTicksAndRejections (node:internal/process/task_queues:85:11)
2026-01-01 14:20:21 [ERROR]: ValidationError: User validation failed: rollNo: Path `rollNo` is required.
    at model.Document.invalidate (F:\Backend\Backend\node_modules\mongoose\lib\document.js:3358:32)
    at F:\Backend\Backend\node_modules\mongoose\lib\document.js:3119:17
    at F:\Backend\Backend\node_modules\mongoose\lib\schemaType.js:1416:9
    at processTicksAndRejections (node:internal/process/task_queues:85:11)
2026-01-01 14:20:21 [ERROR]: Error during registration: ValidationError: User validation failed: rollNo: Path `rollNo` is required.
    at model.Document.invalidate (F:\Backend\Backend\node_modules\mongoose\lib\document.js:3358:32)
    at F:\Backend\Backend\node_modules\mongoose\lib\document.js:3119:17
    at F:\Backend\Backend\node_modules\mongoose\lib\schemaType.js:1416:9
    at processTicksAndRejections (node:internal/process/task_queues:85:11)
2026-01-01 14:20:21 [ERROR]: ValidationError: User validation failed: rollNo: Path `rollNo` is required.
    at model.Document.invalidate (F:\Backend\Backend\node_modules\mongoose\lib\document.js:3358:32)
    at F:\Backend\Backend\node_modules\mongoose\lib\document.js:3119:17
    at F:\Backend\Backend\node_modules\mongoose\lib\schemaType.js:1416:9
    at processTicksAndRejections (node:internal/process/task_queues:85:11)
2026-01-01 14:20:22 [ERROR]: Error during registration: ValidationError: User validation failed: rollNo: Path `rollNo` is required.
    at model.Document.invalidate (F:\Backend\Backend\node_modules\mongoose\lib\document.js:3358:32)
    at F:\Backend\Backend\node_modules\mongoose\lib\document.js:3119:17
    at F:\Backend\Backend\node_modules\mongoose\lib\schemaType.js:1416:9
    at processTicksAndRejections (node:internal/process/task_queues:85:11)
2026-01-01 14:20:22 [ERROR]: ValidationError: User validation failed: rollNo: Path `rollNo` is required.
    at model.Document.invalidate (F:\Backend\Backend\node_modules\mongoose\lib\document.js:3358:32)
    at F:\Backend\Backend\node_modules\mongoose\lib\document.js:3119:17
    at F:\Backend\Backend\node_modules\mongoose\lib\schemaType.js:1416:9
    at processTicksAndRejections (node:internal/process/task_queues:85:11)
2026-01-01 14:20:23 [ERROR]: Error during registration: ValidationError: User validation failed: rollNo: Path `rollNo` is required.
    at model.Document.invalidate (F:\Backend\Backend\node_modules\mongoose\lib\document.js:3358:32)
    at F:\Backend\Backend\node_modules\mongoose\lib\document.js:3119:17
    at F:\Backend\Backend\node_modules\mongoose\lib\schemaType.js:1416:9
    at processTicksAndRejections (node:internal/process/task_queues:85:11)
2026-01-01 14:20:23 [ERROR]: ValidationError: User validation failed: rollNo: Path `rollNo` is required.
    at model.Document.invalidate (F:\Backend\Backend\node_modules\mongoose\lib\document.js:3358:32)
    at F:\Backend\Backend\node_modules\mongoose\lib\document.js:3119:17
    at F:\Backend\Backend\node_modules\mongoose\lib\schemaType.js:1416:9
    at processTicksAndRejections (node:internal/process/task_queues:85:11)
2026-01-01 14:23:19 [ERROR]: Error during registration: ValidationError: User validation failed: phoneNumber: Path `phoneNumber` is required., rollNo: Path `rollNo` is required.
    at model.Document.invalidate (F:\Backend\Backend\node_modules\mongoose\lib\document.js:3358:32)
    at F:\Backend\Backend\node_modules\mongoose\lib\document.js:3119:17
    at F:\Backend\Backend\node_modules\mongoose\lib\schemaType.js:1416:9
    at processTicksAndRejections (node:internal/process/task_queues:85:11)
2026-01-01 14:23:19 [ERROR]: ValidationError: User validation failed: phoneNumber: Path `phoneNumber` is required., rollNo: Path `rollNo` is required.
    at model.Document.invalidate (F:\Backend\Backend\node_modules\mongoose\lib\document.js:3358:32)
    at F:\Backend\Backend\node_modules\mongoose\lib\document.js:3119:17
    at F:\Backend\Backend\node_modules\mongoose\lib\schemaType.js:1416:9
    at processTicksAndRejections (node:internal/process/task_queues:85:11)
2026-01-01 14:23:19 [ERROR]: Error during registration: ValidationError: User validation failed: phoneNumber: Path `phoneNumber` is required., rollNo: Path `rollNo` is required.
    at model.Document.invalidate (F:\Backend\Backend\node_modules\mongoose\lib\document.js:3358:32)
    at F:\Backend\Backend\node_modules\mongoose\lib\document.js:3119:17
    at F:\Backend\Backend\node_modules\mongoose\lib\schemaType.js:1416:9
    at processTicksAndRejections (node:internal/process/task_queues:85:11)
2026-01-01 14:23:19 [ERROR]: ValidationError: User validation failed: phoneNumber: Path `phoneNumber` is required., rollNo: Path `rollNo` is required.
    at model.Document.invalidate (F:\Backend\Backend\node_modules\mongoose\lib\document.js:3358:32)
    at F:\Backend\Backend\node_modules\mongoose\lib\document.js:3119:17
    at F:\Backend\Backend\node_modules\mongoose\lib\schemaType.js:1416:9
    at processTicksAndRejections (node:internal/process/task_queues:85:11)
2026-01-01 14:23:21 [ERROR]: Error during registration: ValidationError: User validation failed: phoneNumber: Path `phoneNumber` is required., rollNo: Path `rollNo` is required.
    at model.Document.invalidate (F:\Backend\Backend\node_modules\mongoose\lib\document.js:3358:32)
    at F:\Backend\Backend\node_modules\mongoose\lib\document.js:3119:17
    at F:\Backend\Backend\node_modules\mongoose\lib\schemaType.js:1416:9
    at processTicksAndRejections (node:internal/process/task_queues:85:11)
2026-01-01 14:23:21 [ERROR]: ValidationError: User validation failed: phoneNumber: Path `phoneNumber` is required., rollNo: Path `rollNo` is required.
    at model.Document.invalidate (F:\Backend\Backend\node_modules\mongoose\lib\document.js:3358:32)
    at F:\Backend\Backend\node_modules\mongoose\lib\document.js:3119:17
    at F:\Backend\Backend\node_modules\mongoose\lib\schemaType.js:1416:9
    at processTicksAndRejections (node:internal/process/task_queues:85:11)
2026-01-01 14:23:21 [ERROR]: Error during registration: ValidationError: User validation failed: phoneNumber: Path `phoneNumber` is required., rollNo: Path `rollNo` is required.
    at model.Document.invalidate (F:\Backend\Backend\node_modules\mongoose\lib\document.js:3358:32)
    at F:\Backend\Backend\node_modules\mongoose\lib\document.js:3119:17
    at F:\Backend\Backend\node_modules\mongoose\lib\schemaType.js:1416:9
    at processTicksAndRejections (node:internal/process/task_queues:85:11)
2026-01-01 14:23:21 [ERROR]: ValidationError: User validation failed: phoneNumber: Path `phoneNumber` is required., rollNo: Path `rollNo` is required.
    at model.Document.invalidate (F:\Backend\Backend\node_modules\mongoose\lib\document.js:3358:32)
    at F:\Backend\Backend\node_modules\mongoose\lib\document.js:3119:17
    at F:\Backend\Backend\node_modules\mongoose\lib\schemaType.js:1416:9
    at processTicksAndRejections (node:internal/process/task_queues:85:11)
2026-01-01 14:23:22 [ERROR]: Error during registration: ValidationError: User validation failed: phoneNumber: Path `phoneNumber` is required., rollNo: Path `rollNo` is required.
    at model.Document.invalidate (F:\Backend\Backend\node_modules\mongoose\lib\document.js:3358:32)
    at F:\Backend\Backend\node_modules\mongoose\lib\document.js:3119:17
    at F:\Backend\Backend\node_modules\mongoose\lib\schemaType.js:1416:9
    at processTicksAndRejections (node:internal/process/task_queues:85:11)
2026-01-01 14:23:22 [ERROR]: ValidationError: User validation failed: phoneNumber: Path `phoneNumber` is required., rollNo: Path `rollNo` is required.
    at model.Document.invalidate (F:\Backend\Backend\node_modules\mongoose\lib\document.js:3358:32)
    at F:\Backend\Backend\node_modules\mongoose\lib\document.js:3119:17
    at F:\Backend\Backend\node_modules\mongoose\lib\schemaType.js:1416:9
    at processTicksAndRejections (node:internal/process/task_queues:85:11)
2026-01-01 14:23:23 [ERROR]: Error during registration: ValidationError: User validation failed: phoneNumber: Path `phoneNumber` is required., rollNo: Path `rollNo` is required.
    at model.Document.invalidate (F:\Backend\Backend\node_modules\mongoose\lib\document.js:3358:32)
    at F:\Backend\Backend\node_modules\mongoose\lib\document.js:3119:17
    at F:\Backend\Backend\node_modules\mongoose\lib\schemaType.js:1416:9
    at processTicksAndRejections (node:internal/process/task_queues:85:11)
2026-01-01 14:23:23 [ERROR]: ValidationError: User validation failed: phoneNumber: Path `phoneNumber` is required., rollNo: Path `rollNo` is required.
    at model.Document.invalidate (F:\Backend\Backend\node_modules\mongoose\lib\document.js:3358:32)
    at F:\Backend\Backend\node_modules\mongoose\lib\document.js:3119:17
    at F:\Backend\Backend\node_modules\mongoose\lib\schemaType.js:1416:9
    at processTicksAndRejections (node:internal/process/task_queues:85:11)
2026-01-01 14:28:56 [ERROR]: Error during registration: ValidationError: User validation failed: phoneNumber: Path `phoneNumber` is required., rollNo: Path `rollNo` is required.
    at model.Document.invalidate (F:\Backend\Backend\node_modules\mongoose\lib\document.js:3358:32)
    at F:\Backend\Backend\node_modules\mongoose\lib\document.js:3119:17
    at F:\Backend\Backend\node_modules\mongoose\lib\schemaType.js:1416:9
    at processTicksAndRejections (node:internal/process/task_queues:85:11)
2026-01-01 14:28:56 [ERROR]: ValidationError: User validation failed: phoneNumber: Path `phoneNumber` is required., rollNo: Path `rollNo` is required.
    at model.Document.invalidate (F:\Backend\Backend\node_modules\mongoose\lib\document.js:3358:32)
    at F:\Backend\Backend\node_modules\mongoose\lib\document.js:3119:17
    at F:\Backend\Backend\node_modules\mongoose\lib\schemaType.js:1416:9
    at processTicksAndRejections (node:internal/process/task_queues:85:11)
2026-01-01 14:28:57 [ERROR]: Error during registration: ValidationError: User validation failed: phoneNumber: Path `phoneNumber` is required., rollNo: Path `rollNo` is required.
    at model.Document.invalidate (F:\Backend\Backend\node_modules\mongoose\lib\document.js:3358:32)
    at F:\Backend\Backend\node_modules\mongoose\lib\document.js:3119:17
    at F:\Backend\Backend\node_modules\mongoose\lib\schemaType.js:1416:9
    at processTicksAndRejections (node:internal/process/task_queues:85:11)
2026-01-01 14:28:57 [ERROR]: ValidationError: User validation failed: phoneNumber: Path `phoneNumber` is required., rollNo: Path `rollNo` is required.
    at model.Document.invalidate (F:\Backend\Backend\node_modules\mongoose\lib\document.js:3358:32)
    at F:\Backend\Backend\node_modules\mongoose\lib\document.js:3119:17
    at F:\Backend\Backend\node_modules\mongoose\lib\schemaType.js:1416:9
    at processTicksAndRejections (node:internal/process/task_queues:85:11)
2026-01-01 14:28:58 [ERROR]: Error during registration: ValidationError: User validation failed: phoneNumber: Path `phoneNumber` is required., rollNo: Path `rollNo` is required.
    at model.Document.invalidate (F:\Backend\Backend\node_modules\mongoose\lib\document.js:3358:32)
    at F:\Backend\Backend\node_modules\mongoose\lib\document.js:3119:17
    at F:\Backend\Backend\node_modules\mongoose\lib\schemaType.js:1416:9
    at processTicksAndRejections (node:internal/process/task_queues:85:11)
2026-01-01 14:28:58 [ERROR]: ValidationError: User validation failed: phoneNumber: Path `phoneNumber` is required., rollNo: Path `rollNo` is required.
    at model.Document.invalidate (F:\Backend\Backend\node_modules\mongoose\lib\document.js:3358:32)
    at F:\Backend\Backend\node_modules\mongoose\lib\document.js:3119:17
    at F:\Backend\Backend\node_modules\mongoose\lib\schemaType.js:1416:9
    at processTicksAndRejections (node:internal/process/task_queues:85:11)
2026-01-01 14:28:58 [ERROR]: Error during registration: ValidationError: User validation failed: phoneNumber: Path `phoneNumber` is required., rollNo: Path `rollNo` is required.
    at model.Document.invalidate (F:\Backend\Backend\node_modules\mongoose\lib\document.js:3358:32)
    at F:\Backend\Backend\node_modules\mongoose\lib\document.js:3119:17
    at F:\Backend\Backend\node_modules\mongoose\lib\schemaType.js:1416:9
    at processTicksAndRejections (node:internal/process/task_queues:85:11)
2026-01-01 14:28:58 [ERROR]: ValidationError: User validation failed: phoneNumber: Path `phoneNumber` is required., rollNo: Path `rollNo` is required.
    at model.Document.invalidate (F:\Backend\Backend\node_modules\mongoose\lib\document.js:3358:32)
    at F:\Backend\Backend\node_modules\mongoose\lib\document.js:3119:17
    at F:\Backend\Backend\node_modules\mongoose\lib\schemaType.js:1416:9
    at processTicksAndRejections (node:internal/process/task_queues:85:11)
2026-01-01 14:28:59 [ERROR]: Error during registration: ValidationError: User validation failed: phoneNumber: Path `phoneNumber` is required., rollNo: Path `rollNo` is required.
    at model.Document.invalidate (F:\Backend\Backend\node_modules\mongoose\lib\document.js:3358:32)
    at F:\Backend\Backend\node_modules\mongoose\lib\document.js:3119:17
    at F:\Backend\Backend\node_modules\mongoose\lib\schemaType.js:1416:9
    at processTicksAndRejections (node:internal/process/task_queues:85:11)
2026-01-01 14:28:59 [ERROR]: ValidationError: User validation failed: phoneNumber: Path `phoneNumber` is required., rollNo: Path `rollNo` is required.
    at model.Document.invalidate (F:\Backend\Backend\node_modules\mongoose\lib\document.js:3358:32)
    at F:\Backend\Backend\node_modules\mongoose\lib\document.js:3119:17
    at F:\Backend\Backend\node_modules\mongoose\lib\schemaType.js:1416:9
    at processTicksAndRejections (node:internal/process/task_queues:85:11)
2026-01-01 14:29:00 [ERROR]: Error during registration: ValidationError: User validation failed: phoneNumber: Path `phoneNumber` is required., rollNo: Path `rollNo` is required.
    at model.Document.invalidate (F:\Backend\Backend\node_modules\mongoose\lib\document.js:3358:32)
    at F:\Backend\Backend\node_modules\mongoose\lib\document.js:3119:17
    at F:\Backend\Backend\node_modules\mongoose\lib\schemaType.js:1416:9
    at processTicksAndRejections (node:internal/process/task_queues:85:11)
2026-01-01 14:29:00 [ERROR]: ValidationError: User validation failed: phoneNumber: Path `phoneNumber` is required., rollNo: Path `rollNo` is required.
    at model.Document.invalidate (F:\Backend\Backend\node_modules\mongoose\lib\document.js:3358:32)
    at F:\Backend\Backend\node_modules\mongoose\lib\document.js:3119:17
    at F:\Backend\Backend\node_modules\mongoose\lib\schemaType.js:1416:9
    at processTicksAndRejections (node:internal/process/task_queues:85:11)
2026-01-01 14:32:47 [ERROR]: purchaseMerchandise error: ReferenceError: Merchandise is not defined
    at purchaseMerchandise (F:\Backend\Backend\controllers\merch-controller.js:43:19)
    at Layer.handle [as handle_request] (F:\Backend\Backend\node_modules\express\lib\router\layer.js:95:5)
    at next (F:\Backend\Backend\node_modules\express\lib\router\route.js:149:13)
    at next (F:\Backend\Backend\utils\middleware.js:39:5)
    at processTicksAndRejections (node:internal/process/task_queues:105:5)
2026-01-01 14:32:47 [ERROR]: ReferenceError: Merchandise is not defined
    at purchaseMerchandise (F:\Backend\Backend\controllers\merch-controller.js:43:19)
    at Layer.handle [as handle_request] (F:\Backend\Backend\node_modules\express\lib\router\layer.js:95:5)
    at next (F:\Backend\Backend\node_modules\express\lib\router\route.js:149:13)
    at next (F:\Backend\Backend\utils\middleware.js:39:5)
    at processTicksAndRejections (node:internal/process/task_queues:105:5)
2026-01-01 14:37:38 [ERROR]: purchaseMerchandise error: ReferenceError: Merchandise is not defined
    at purchaseMerchandise (F:\Backend\Backend\controllers\merch-controller.js:43:19)
    at Layer.handle [as handle_request] (F:\Backend\Backend\node_modules\express\lib\router\layer.js:95:5)
    at next (F:\Backend\Backend\node_modules\express\lib\router\route.js:149:13)
    at next (F:\Backend\Backend\utils\middleware.js:39:5)
    at processTicksAndRejections (node:internal/process/task_queues:105:5)
2026-01-01 14:37:38 [ERROR]: ReferenceError: Merchandise is not defined
    at purchaseMerchandise (F:\Backend\Backend\controllers\merch-controller.js:43:19)
    at Layer.handle [as handle_request] (F:\Backend\Backend\node_modules\express\lib\router\layer.js:95:5)
    at next (F:\Backend\Backend\node_modules\express\lib\router\route.js:149:13)
    at next (F:\Backend\Backend\utils\middleware.js:39:5)
    at processTicksAndRejections (node:internal/process/task_queues:105:5)
